<?xml version="1.0" encoding="UTF-8"?>
<!-- Generated by org.testng.reporters.JUnitReportReporter -->
<testsuite skipped="0" hostname="DESB1259" name="TestFramework.G_Jira_2_Add_Comment" tests="1" failures="0" timestamp="07 jun 2019 14:44:09 GMT" time="0.377" errors="0">
  <testcase name="JiraAPICreateComment" time="0.377" classname="TestFramework.G_Jira_2_Add_Comment"/>
</testsuite> <!-- TestFramework.G_Jira_2_Add_Comment -->
