<?xml version="1.0" encoding="UTF-8"?>
<!-- Generated by org.testng.reporters.JUnitReportReporter -->
<testsuite skipped="0" hostname="DESB1259" name="TestFramework.C_POST_Add_and_Delete_Test_Centralized" tests="1" failures="0" timestamp="06 jun 2019 15:54:08 GMT" time="0.948" errors="0">
  <testcase name="AddandDeletePlace" time="0.948" classname="TestFramework.C_POST_Add_and_Delete_Test_Centralized"/>
</testsuite> <!-- TestFramework.C_POST_Add_and_Delete_Test_Centralized -->
