<?xml version="1.0" encoding="UTF-8"?>
<!-- Generated by org.testng.reporters.JUnitReportReporter -->
<testsuite skipped="0" hostname="DESB1259" name="TestFramework.F_Jira_1_Add_Issue" tests="1" failures="0" timestamp="07 jun 2019 14:44:09 GMT" time="2.967" errors="0">
  <testcase name="JiraAPICreateIssue" time="2.967" classname="TestFramework.F_Jira_1_Add_Issue"/>
</testsuite> <!-- TestFramework.F_Jira_1_Add_Issue -->
