<?xml version="1.0" encoding="UTF-8"?>
<!-- Generated by org.testng.reporters.JUnitReportReporter -->
<testsuite skipped="0" hostname="DESB1259" name="TestFramework.H_Jira_3_Update_Comment" tests="1" failures="0" timestamp="07 jun 2019 14:44:09 GMT" time="0.698" errors="0">
  <testcase name="JiraAPIUpdate" time="0.698" classname="TestFramework.H_Jira_3_Update_Comment"/>
</testsuite> <!-- TestFramework.H_Jira_3_Update_Comment -->
