<?xml version="1.0" encoding="UTF-8"?>
<!-- Generated by org.testng.reporters.JUnitReportReporter -->
<testsuite skipped="0" hostname="DESB1259" name="TestFramework.H_Jira_3_Update_Comment" tests="1" failures="0" timestamp="06 jun 2019 15:57:28 GMT" time="0.370" errors="0">
  <testcase name="JiraAPIUpdate" time="0.370" classname="TestFramework.H_Jira_3_Update_Comment"/>
</testsuite> <!-- TestFramework.H_Jira_3_Update_Comment -->
