<?xml version="1.0" encoding="UTF-8"?>
<!-- Generated by org.testng.reporters.JUnitReportReporter -->
<testsuite skipped="0" hostname="DESB1259" name="TestFramework.D_Basics_post_XML_file" tests="1" failures="0" timestamp="06 jun 2019 15:57:28 GMT" time="0.575" errors="0">
  <testcase name="postDataXML" time="0.575" classname="TestFramework.D_Basics_post_XML_file"/>
</testsuite> <!-- TestFramework.D_Basics_post_XML_file -->
