<?xml version="1.0" encoding="UTF-8"?>
<!-- Generated by org.testng.reporters.JUnitReportReporter -->
<testsuite skipped="0" hostname="DESB1259" name="TestFramework.F_Jira_1_Add_Issue" tests="1" failures="0" timestamp="06 jun 2019 15:57:28 GMT" time="3.141" errors="0">
  <testcase name="JiraAPICreateIssue" time="3.141" classname="TestFramework.F_Jira_1_Add_Issue"/>
</testsuite> <!-- TestFramework.F_Jira_1_Add_Issue -->
