<?xml version="1.0" encoding="UTF-8"?>
<!-- Generated by org.testng.reporters.JUnitReportReporter -->
<testsuite skipped="0" hostname="DESB1259" name="TestFramework.B_Basics_POST" tests="1" failures="0" timestamp="06 jun 2019 15:57:28 GMT" time="0.418" errors="0">
  <testcase name="createPlaceAPI" time="0.418" classname="TestFramework.B_Basics_POST"/>
</testsuite> <!-- TestFramework.B_Basics_POST -->
